Initialize model.
Model info...
      n_x:       5
      n_y:      10
       dx:    1.00
       dy:    1.00
       dt:    1.00
        t:    0.00
    t_end:    4.00
Model values at time =    0.0
   0.0   3.0   4.0   3.0   0.0
   0.0   0.0   0.0   0.0   0.0
   0.0   0.0   0.0   0.0   0.0
   0.0   0.0   0.0   0.0   0.0
   0.0   0.0   0.0   0.0   0.0
   0.0   0.0   0.0   0.0   0.0
   0.0   0.0   0.0   0.0   0.0
   0.0   0.0   0.0   0.0   0.0
   0.0   0.0   0.0   0.0   0.0
   0.0   0.0   0.0   0.0   0.0
Model values at time =    1.0
   0.0   3.0   4.0   3.0   0.0
   0.0   0.8   1.0   0.8   0.0
   0.0   0.0   0.0   0.0   0.0
   0.0   0.0   0.0   0.0   0.0
   0.0   0.0   0.0   0.0   0.0
   0.0   0.0   0.0   0.0   0.0
   0.0   0.0   0.0   0.0   0.0
   0.0   0.0   0.0   0.0   0.0
   0.0   0.0   0.0   0.0   0.0
   0.0   0.0   0.0   0.0   0.0
Model values at time =    2.0
   0.0   3.0   4.0   3.0   0.0
   0.0   1.0   1.4   1.0   0.0
   0.0   0.2   0.2   0.2   0.0
   0.0   0.0   0.0   0.0   0.0
   0.0   0.0   0.0   0.0   0.0
   0.0   0.0   0.0   0.0   0.0
   0.0   0.0   0.0   0.0   0.0
   0.0   0.0   0.0   0.0   0.0
   0.0   0.0   0.0   0.0   0.0
   0.0   0.0   0.0   0.0   0.0
Model values at time =    3.0
   0.0   3.0   4.0   3.0   0.0
   0.0   1.1   1.6   1.1   0.0
   0.0   0.3   0.4   0.3   0.0
   0.0   0.0   0.1   0.0   0.0
   0.0   0.0   0.0   0.0   0.0
   0.0   0.0   0.0   0.0   0.0
   0.0   0.0   0.0   0.0   0.0
   0.0   0.0   0.0   0.0   0.0
   0.0   0.0   0.0   0.0   0.0
   0.0   0.0   0.0   0.0   0.0
Model values at time =    4.0
   0.0   3.0   4.0   3.0   0.0
   0.0   1.2   1.7   1.2   0.0
   0.0   0.4   0.6   0.4   0.0
   0.0   0.1   0.1   0.1   0.0
   0.0   0.0   0.0   0.0   0.0
   0.0   0.0   0.0   0.0   0.0
   0.0   0.0   0.0   0.0   0.0
   0.0   0.0   0.0   0.0   0.0
   0.0   0.0   0.0   0.0   0.0
   0.0   0.0   0.0   0.0   0.0
Finalize model.
